#
# An unexpected error has occurred (6)
#
Stack:
/lib/x86_64-linux-gnu/libc.so.6(+0x42520) [0x7f7468a1a520]
/lib/x86_64-linux-gnu/libc.so.6(pthread_kill+0x12c) [0x7f7468a6ea7c]
/lib/x86_64-linux-gnu/libc.so.6(raise+0x16) [0x7f7468a1a476]
/lib/x86_64-linux-gnu/libc.so.6(abort+0xd3) [0x7f7468a007f3]
/usr/share/xilinx/Vivado/2021.2/lib/lnx64.o/Ubuntu/libstdc++.so.6(_ZN9__gnu_cxx27__verbose_terminate_handlerEv+0x15d) [0x7f746909033d]
/usr/share/xilinx/Vivado/2021.2/lib/lnx64.o/Ubuntu/libstdc++.so.6(+0x8e316) [0x7f746908e316]
/usr/share/xilinx/Vivado/2021.2/lib/lnx64.o/Ubuntu/libstdc++.so.6(+0x8e361) [0x7f746908e361]
/usr/share/xilinx/Vivado/2021.2/lib/lnx64.o/Ubuntu/libstdc++.so.6(+0x8ee2f) [0x7f746908ee2f]
/usr/share/xilinx/Vivado/2021.2/lib/lnx64.o/librdi_wavedata.so(SG_Model::WVBridgeData::hasLogicType() const+0x26) [0x7f7417704996]
/usr/share/xilinx/Vivado/2021.2/lib/lnx64.o/librdi_wavedata.so(SG_Model::WVArray::canDisplayAsAnalog() const+0x23) [0x7f74177049d3]
/usr/share/xilinx/Vivado/2021.2/lib/lnx64.o/librdi_wavedata.so(SG_Model::WaveformRender::render(SG_Model::WVDataObject const&)+0x13e) [0x7f741771d4de]
/usr/share/xilinx/Vivado/2021.2/lib/lnx64.o/librdi_wavedata.so(WaveViewer::WVWaveformPanel::WaveformTraverser::drawWaveform(SG_Model::WVDataObject const*, int, int)+0x602) [0x7f74177a7412]
/usr/share/xilinx/Vivado/2021.2/lib/lnx64.o/librdi_wavedata.so(WaveViewer::WVWaveformPanel::WaveformTraverser::handleItemSize(WaveViewer::WVTreeWVObjectModel::ITraverseHandler::TraverseItem const&)+0x4a) [0x7f74177a757a]
/usr/share/xilinx/Vivado/2021.2/lib/lnx64.o/librdi_wavedata.so(WaveViewer::WVTreeWVObjectModel::traverseYRange(SG_Model::WVDataObject const*, WaveViewer::WVTreeWVObjectModel::ITraverseHandler&, int, int, int&, int&) const+0x294) [0x7f7417787f84]
/usr/share/xilinx/Vivado/2021.2/lib/lnx64.o/librdi_wavedata.so(WaveViewer::WVTreeWVObjectModel::traverseYRange(SG_Model::WVDataObject const*, WaveViewer::WVTreeWVObjectModel::ITraverseHandler&, int, int, int&, int&) const+0x361) [0x7f7417788051]
/usr/share/xilinx/Vivado/2021.2/lib/lnx64.o/librdi_wavedata.so(WaveViewer::WVTreeWVObjectModel::traverseYRange(WaveViewer::WVTreeWVObjectModel::ITraverseHandler&, int, int) const+0x57) [0x7f7417788187]
/usr/share/xilinx/Vivado/2021.2/lib/lnx64.o/librdi_wavedata.so(WaveViewer::WVWaveformPanel::getGraphics(HDGDStringStream&, long&)+0x3c5) [0x7f74177a65f5]
/usr/share/xilinx/Vivado/2021.2/lib/lnx64.o/librdi_wavedata.so(WVExecutiveImp::getGraphicsDataSize()+0x10a) [0x7f741775df8a]
/usr/share/xilinx/Vivado/2021.2/lib/lnx64.o/librdi_wavedata.so(WVExecutive::getGraphicsDataSize()+0xf) [0x7f741775e4df]
/usr/share/xilinx/Vivado/2021.2/lib/lnx64.o/librdi_wavedata.so(Java_ui_views_waveform_waveformi_WVExecutive_1getGraphicsDataSize+0x17) [0x7f74177b3907]
[0x7f73ea80f710]
