Copyright 1986-2021 Xilinx, Inc. All Rights Reserved.
-----------------------------------------------------------------------------------------------------------------------------------------------------------------------------------------
| Tool Version : Vivado v.2021.2 (lin64) Build 3367213 Tue Oct 19 02:47:39 MDT 2021
| Date         : Fri May 27 01:18:57 2022
| Host         : mini-pascal running 64-bit Ubuntu 22.04 LTS
| Command      : report_methodology -file circuit_tr_signal_methodology_drc_routed.rpt -pb circuit_tr_signal_methodology_drc_routed.pb -rpx circuit_tr_signal_methodology_drc_routed.rpx
| Design       : circuit_tr_signal
| Device       : xc7z010clg400-1
| Speed File   : -1
| Design State : Fully Routed
-----------------------------------------------------------------------------------------------------------------------------------------------------------------------------------------

Report Methodology

Table of Contents
-----------------
1. REPORT SUMMARY
2. REPORT DETAILS

1. REPORT SUMMARY
-----------------
            Netlist: netlist
          Floorplan: design_1
      Design limits: <entire design considered>
             Max violations: <unlimited>
             Violations found: 282
+-----------+------------------+----------------------------------+------------+
| Rule      | Severity         | Description                      | Violations |
+-----------+------------------+----------------------------------+------------+
| TIMING-17 | Critical Warning | Non-clocked sequential cell      | 265        |
| HPDR-1    | Warning          | Port pin direction inconsistency | 1          |
| LUTAR-1   | Warning          | LUT drives async reset alert     | 5          |
| TIMING-20 | Warning          | Non-clocked latch                | 11         |
+-----------+------------------+----------------------------------+------------+

2. REPORT DETAILS
-----------------
TIMING-17#1 Critical Warning
Non-clocked sequential cell  
The clock pin design_1_i/M10_conversion_affichage/U0/SEL_reg/C is not reached by a timing clock
Related violations: <none>

TIMING-17#2 Critical Warning
Non-clocked sequential cell  
The clock pin design_1_i/M10_conversion_affichage/U0/counta_reg[0]/C is not reached by a timing clock
Related violations: <none>

TIMING-17#3 Critical Warning
Non-clocked sequential cell  
The clock pin design_1_i/M10_conversion_affichage/U0/counta_reg[10]/C is not reached by a timing clock
Related violations: <none>

TIMING-17#4 Critical Warning
Non-clocked sequential cell  
The clock pin design_1_i/M10_conversion_affichage/U0/counta_reg[11]/C is not reached by a timing clock
Related violations: <none>

TIMING-17#5 Critical Warning
Non-clocked sequential cell  
The clock pin design_1_i/M10_conversion_affichage/U0/counta_reg[12]/C is not reached by a timing clock
Related violations: <none>

TIMING-17#6 Critical Warning
Non-clocked sequential cell  
The clock pin design_1_i/M10_conversion_affichage/U0/counta_reg[13]/C is not reached by a timing clock
Related violations: <none>

TIMING-17#7 Critical Warning
Non-clocked sequential cell  
The clock pin design_1_i/M10_conversion_affichage/U0/counta_reg[14]/C is not reached by a timing clock
Related violations: <none>

TIMING-17#8 Critical Warning
Non-clocked sequential cell  
The clock pin design_1_i/M10_conversion_affichage/U0/counta_reg[15]/C is not reached by a timing clock
Related violations: <none>

TIMING-17#9 Critical Warning
Non-clocked sequential cell  
The clock pin design_1_i/M10_conversion_affichage/U0/counta_reg[1]/C is not reached by a timing clock
Related violations: <none>

TIMING-17#10 Critical Warning
Non-clocked sequential cell  
The clock pin design_1_i/M10_conversion_affichage/U0/counta_reg[2]/C is not reached by a timing clock
Related violations: <none>

TIMING-17#11 Critical Warning
Non-clocked sequential cell  
The clock pin design_1_i/M10_conversion_affichage/U0/counta_reg[3]/C is not reached by a timing clock
Related violations: <none>

TIMING-17#12 Critical Warning
Non-clocked sequential cell  
The clock pin design_1_i/M10_conversion_affichage/U0/counta_reg[4]/C is not reached by a timing clock
Related violations: <none>

TIMING-17#13 Critical Warning
Non-clocked sequential cell  
The clock pin design_1_i/M10_conversion_affichage/U0/counta_reg[5]/C is not reached by a timing clock
Related violations: <none>

TIMING-17#14 Critical Warning
Non-clocked sequential cell  
The clock pin design_1_i/M10_conversion_affichage/U0/counta_reg[6]/C is not reached by a timing clock
Related violations: <none>

TIMING-17#15 Critical Warning
Non-clocked sequential cell  
The clock pin design_1_i/M10_conversion_affichage/U0/counta_reg[7]/C is not reached by a timing clock
Related violations: <none>

TIMING-17#16 Critical Warning
Non-clocked sequential cell  
The clock pin design_1_i/M10_conversion_affichage/U0/counta_reg[8]/C is not reached by a timing clock
Related violations: <none>

TIMING-17#17 Critical Warning
Non-clocked sequential cell  
The clock pin design_1_i/M10_conversion_affichage/U0/counta_reg[9]/C is not reached by a timing clock
Related violations: <none>

TIMING-17#18 Critical Warning
Non-clocked sequential cell  
The clock pin design_1_i/M10_conversion_affichage/U0/q_DA_reg[0]/C is not reached by a timing clock
Related violations: <none>

TIMING-17#19 Critical Warning
Non-clocked sequential cell  
The clock pin design_1_i/M10_conversion_affichage/U0/q_DA_reg[1]/C is not reached by a timing clock
Related violations: <none>

TIMING-17#20 Critical Warning
Non-clocked sequential cell  
The clock pin design_1_i/M10_conversion_affichage/U0/q_DA_reg[2]/C is not reached by a timing clock
Related violations: <none>

TIMING-17#21 Critical Warning
Non-clocked sequential cell  
The clock pin design_1_i/M10_conversion_affichage/U0/q_DA_reg[3]/C is not reached by a timing clock
Related violations: <none>

TIMING-17#22 Critical Warning
Non-clocked sequential cell  
The clock pin design_1_i/M10_conversion_affichage/U0/q_DA_reg[4]/C is not reached by a timing clock
Related violations: <none>

TIMING-17#23 Critical Warning
Non-clocked sequential cell  
The clock pin design_1_i/M10_conversion_affichage/U0/q_DA_reg[5]/C is not reached by a timing clock
Related violations: <none>

TIMING-17#24 Critical Warning
Non-clocked sequential cell  
The clock pin design_1_i/M10_conversion_affichage/U0/q_DA_reg[6]/C is not reached by a timing clock
Related violations: <none>

TIMING-17#25 Critical Warning
Non-clocked sequential cell  
The clock pin design_1_i/M10_conversion_affichage/U0/q_DA_reg[7]/C is not reached by a timing clock
Related violations: <none>

TIMING-17#26 Critical Warning
Non-clocked sequential cell  
The clock pin design_1_i/M10_conversion_affichage/U0/q_aff_mem_reg/C is not reached by a timing clock
Related violations: <none>

TIMING-17#27 Critical Warning
Non-clocked sequential cell  
The clock pin design_1_i/M1_decodeur_i2s/MEF_decodeur_i2s/U0/current_state_reg[0]/C is not reached by a timing clock
Related violations: <none>

TIMING-17#28 Critical Warning
Non-clocked sequential cell  
The clock pin design_1_i/M1_decodeur_i2s/MEF_decodeur_i2s/U0/current_state_reg[1]/C is not reached by a timing clock
Related violations: <none>

TIMING-17#29 Critical Warning
Non-clocked sequential cell  
The clock pin design_1_i/M1_decodeur_i2s/MEF_decodeur_i2s/U0/next_state_reg[0]_C/C is not reached by a timing clock
Related violations: <none>

TIMING-17#30 Critical Warning
Non-clocked sequential cell  
The clock pin design_1_i/M1_decodeur_i2s/MEF_decodeur_i2s/U0/next_state_reg[1]_P/C is not reached by a timing clock
Related violations: <none>

TIMING-17#31 Critical Warning
Non-clocked sequential cell  
The clock pin design_1_i/M1_decodeur_i2s/compteur_7bits/U0/d_val_cpt_reg[0]/C is not reached by a timing clock
Related violations: <none>

TIMING-17#32 Critical Warning
Non-clocked sequential cell  
The clock pin design_1_i/M1_decodeur_i2s/compteur_7bits/U0/d_val_cpt_reg[1]/C is not reached by a timing clock
Related violations: <none>

TIMING-17#33 Critical Warning
Non-clocked sequential cell  
The clock pin design_1_i/M1_decodeur_i2s/compteur_7bits/U0/d_val_cpt_reg[2]/C is not reached by a timing clock
Related violations: <none>

TIMING-17#34 Critical Warning
Non-clocked sequential cell  
The clock pin design_1_i/M1_decodeur_i2s/compteur_7bits/U0/d_val_cpt_reg[3]/C is not reached by a timing clock
Related violations: <none>

TIMING-17#35 Critical Warning
Non-clocked sequential cell  
The clock pin design_1_i/M1_decodeur_i2s/compteur_7bits/U0/d_val_cpt_reg[4]/C is not reached by a timing clock
Related violations: <none>

TIMING-17#36 Critical Warning
Non-clocked sequential cell  
The clock pin design_1_i/M1_decodeur_i2s/compteur_7bits/U0/d_val_cpt_reg[5]/C is not reached by a timing clock
Related violations: <none>

TIMING-17#37 Critical Warning
Non-clocked sequential cell  
The clock pin design_1_i/M1_decodeur_i2s/compteur_7bits/U0/d_val_cpt_reg[6]/C is not reached by a timing clock
Related violations: <none>

TIMING-17#38 Critical Warning
Non-clocked sequential cell  
The clock pin design_1_i/M1_decodeur_i2s/registre_24bits_droite/U0/q_reg_reg[0]/C is not reached by a timing clock
Related violations: <none>

TIMING-17#39 Critical Warning
Non-clocked sequential cell  
The clock pin design_1_i/M1_decodeur_i2s/registre_24bits_droite/U0/q_reg_reg[10]/C is not reached by a timing clock
Related violations: <none>

TIMING-17#40 Critical Warning
Non-clocked sequential cell  
The clock pin design_1_i/M1_decodeur_i2s/registre_24bits_droite/U0/q_reg_reg[11]/C is not reached by a timing clock
Related violations: <none>

TIMING-17#41 Critical Warning
Non-clocked sequential cell  
The clock pin design_1_i/M1_decodeur_i2s/registre_24bits_droite/U0/q_reg_reg[12]/C is not reached by a timing clock
Related violations: <none>

TIMING-17#42 Critical Warning
Non-clocked sequential cell  
The clock pin design_1_i/M1_decodeur_i2s/registre_24bits_droite/U0/q_reg_reg[13]/C is not reached by a timing clock
Related violations: <none>

TIMING-17#43 Critical Warning
Non-clocked sequential cell  
The clock pin design_1_i/M1_decodeur_i2s/registre_24bits_droite/U0/q_reg_reg[14]/C is not reached by a timing clock
Related violations: <none>

TIMING-17#44 Critical Warning
Non-clocked sequential cell  
The clock pin design_1_i/M1_decodeur_i2s/registre_24bits_droite/U0/q_reg_reg[15]/C is not reached by a timing clock
Related violations: <none>

TIMING-17#45 Critical Warning
Non-clocked sequential cell  
The clock pin design_1_i/M1_decodeur_i2s/registre_24bits_droite/U0/q_reg_reg[16]/C is not reached by a timing clock
Related violations: <none>

TIMING-17#46 Critical Warning
Non-clocked sequential cell  
The clock pin design_1_i/M1_decodeur_i2s/registre_24bits_droite/U0/q_reg_reg[17]/C is not reached by a timing clock
Related violations: <none>

TIMING-17#47 Critical Warning
Non-clocked sequential cell  
The clock pin design_1_i/M1_decodeur_i2s/registre_24bits_droite/U0/q_reg_reg[18]/C is not reached by a timing clock
Related violations: <none>

TIMING-17#48 Critical Warning
Non-clocked sequential cell  
The clock pin design_1_i/M1_decodeur_i2s/registre_24bits_droite/U0/q_reg_reg[19]/C is not reached by a timing clock
Related violations: <none>

TIMING-17#49 Critical Warning
Non-clocked sequential cell  
The clock pin design_1_i/M1_decodeur_i2s/registre_24bits_droite/U0/q_reg_reg[1]/C is not reached by a timing clock
Related violations: <none>

TIMING-17#50 Critical Warning
Non-clocked sequential cell  
The clock pin design_1_i/M1_decodeur_i2s/registre_24bits_droite/U0/q_reg_reg[20]/C is not reached by a timing clock
Related violations: <none>

TIMING-17#51 Critical Warning
Non-clocked sequential cell  
The clock pin design_1_i/M1_decodeur_i2s/registre_24bits_droite/U0/q_reg_reg[21]/C is not reached by a timing clock
Related violations: <none>

TIMING-17#52 Critical Warning
Non-clocked sequential cell  
The clock pin design_1_i/M1_decodeur_i2s/registre_24bits_droite/U0/q_reg_reg[22]/C is not reached by a timing clock
Related violations: <none>

TIMING-17#53 Critical Warning
Non-clocked sequential cell  
The clock pin design_1_i/M1_decodeur_i2s/registre_24bits_droite/U0/q_reg_reg[23]/C is not reached by a timing clock
Related violations: <none>

TIMING-17#54 Critical Warning
Non-clocked sequential cell  
The clock pin design_1_i/M1_decodeur_i2s/registre_24bits_droite/U0/q_reg_reg[2]/C is not reached by a timing clock
Related violations: <none>

TIMING-17#55 Critical Warning
Non-clocked sequential cell  
The clock pin design_1_i/M1_decodeur_i2s/registre_24bits_droite/U0/q_reg_reg[3]/C is not reached by a timing clock
Related violations: <none>

TIMING-17#56 Critical Warning
Non-clocked sequential cell  
The clock pin design_1_i/M1_decodeur_i2s/registre_24bits_droite/U0/q_reg_reg[4]/C is not reached by a timing clock
Related violations: <none>

TIMING-17#57 Critical Warning
Non-clocked sequential cell  
The clock pin design_1_i/M1_decodeur_i2s/registre_24bits_droite/U0/q_reg_reg[5]/C is not reached by a timing clock
Related violations: <none>

TIMING-17#58 Critical Warning
Non-clocked sequential cell  
The clock pin design_1_i/M1_decodeur_i2s/registre_24bits_droite/U0/q_reg_reg[6]/C is not reached by a timing clock
Related violations: <none>

TIMING-17#59 Critical Warning
Non-clocked sequential cell  
The clock pin design_1_i/M1_decodeur_i2s/registre_24bits_droite/U0/q_reg_reg[7]/C is not reached by a timing clock
Related violations: <none>

TIMING-17#60 Critical Warning
Non-clocked sequential cell  
The clock pin design_1_i/M1_decodeur_i2s/registre_24bits_droite/U0/q_reg_reg[8]/C is not reached by a timing clock
Related violations: <none>

TIMING-17#61 Critical Warning
Non-clocked sequential cell  
The clock pin design_1_i/M1_decodeur_i2s/registre_24bits_droite/U0/q_reg_reg[9]/C is not reached by a timing clock
Related violations: <none>

TIMING-17#62 Critical Warning
Non-clocked sequential cell  
The clock pin design_1_i/M1_decodeur_i2s/registre_24bits_gauche/U0/q_reg_reg[0]/C is not reached by a timing clock
Related violations: <none>

TIMING-17#63 Critical Warning
Non-clocked sequential cell  
The clock pin design_1_i/M1_decodeur_i2s/registre_24bits_gauche/U0/q_reg_reg[10]/C is not reached by a timing clock
Related violations: <none>

TIMING-17#64 Critical Warning
Non-clocked sequential cell  
The clock pin design_1_i/M1_decodeur_i2s/registre_24bits_gauche/U0/q_reg_reg[11]/C is not reached by a timing clock
Related violations: <none>

TIMING-17#65 Critical Warning
Non-clocked sequential cell  
The clock pin design_1_i/M1_decodeur_i2s/registre_24bits_gauche/U0/q_reg_reg[12]/C is not reached by a timing clock
Related violations: <none>

TIMING-17#66 Critical Warning
Non-clocked sequential cell  
The clock pin design_1_i/M1_decodeur_i2s/registre_24bits_gauche/U0/q_reg_reg[13]/C is not reached by a timing clock
Related violations: <none>

TIMING-17#67 Critical Warning
Non-clocked sequential cell  
The clock pin design_1_i/M1_decodeur_i2s/registre_24bits_gauche/U0/q_reg_reg[14]/C is not reached by a timing clock
Related violations: <none>

TIMING-17#68 Critical Warning
Non-clocked sequential cell  
The clock pin design_1_i/M1_decodeur_i2s/registre_24bits_gauche/U0/q_reg_reg[15]/C is not reached by a timing clock
Related violations: <none>

TIMING-17#69 Critical Warning
Non-clocked sequential cell  
The clock pin design_1_i/M1_decodeur_i2s/registre_24bits_gauche/U0/q_reg_reg[16]/C is not reached by a timing clock
Related violations: <none>

TIMING-17#70 Critical Warning
Non-clocked sequential cell  
The clock pin design_1_i/M1_decodeur_i2s/registre_24bits_gauche/U0/q_reg_reg[17]/C is not reached by a timing clock
Related violations: <none>

TIMING-17#71 Critical Warning
Non-clocked sequential cell  
The clock pin design_1_i/M1_decodeur_i2s/registre_24bits_gauche/U0/q_reg_reg[18]/C is not reached by a timing clock
Related violations: <none>

TIMING-17#72 Critical Warning
Non-clocked sequential cell  
The clock pin design_1_i/M1_decodeur_i2s/registre_24bits_gauche/U0/q_reg_reg[19]/C is not reached by a timing clock
Related violations: <none>

TIMING-17#73 Critical Warning
Non-clocked sequential cell  
The clock pin design_1_i/M1_decodeur_i2s/registre_24bits_gauche/U0/q_reg_reg[1]/C is not reached by a timing clock
Related violations: <none>

TIMING-17#74 Critical Warning
Non-clocked sequential cell  
The clock pin design_1_i/M1_decodeur_i2s/registre_24bits_gauche/U0/q_reg_reg[20]/C is not reached by a timing clock
Related violations: <none>

TIMING-17#75 Critical Warning
Non-clocked sequential cell  
The clock pin design_1_i/M1_decodeur_i2s/registre_24bits_gauche/U0/q_reg_reg[21]/C is not reached by a timing clock
Related violations: <none>

TIMING-17#76 Critical Warning
Non-clocked sequential cell  
The clock pin design_1_i/M1_decodeur_i2s/registre_24bits_gauche/U0/q_reg_reg[22]/C is not reached by a timing clock
Related violations: <none>

TIMING-17#77 Critical Warning
Non-clocked sequential cell  
The clock pin design_1_i/M1_decodeur_i2s/registre_24bits_gauche/U0/q_reg_reg[23]/C is not reached by a timing clock
Related violations: <none>

TIMING-17#78 Critical Warning
Non-clocked sequential cell  
The clock pin design_1_i/M1_decodeur_i2s/registre_24bits_gauche/U0/q_reg_reg[2]/C is not reached by a timing clock
Related violations: <none>

TIMING-17#79 Critical Warning
Non-clocked sequential cell  
The clock pin design_1_i/M1_decodeur_i2s/registre_24bits_gauche/U0/q_reg_reg[3]/C is not reached by a timing clock
Related violations: <none>

TIMING-17#80 Critical Warning
Non-clocked sequential cell  
The clock pin design_1_i/M1_decodeur_i2s/registre_24bits_gauche/U0/q_reg_reg[4]/C is not reached by a timing clock
Related violations: <none>

TIMING-17#81 Critical Warning
Non-clocked sequential cell  
The clock pin design_1_i/M1_decodeur_i2s/registre_24bits_gauche/U0/q_reg_reg[5]/C is not reached by a timing clock
Related violations: <none>

TIMING-17#82 Critical Warning
Non-clocked sequential cell  
The clock pin design_1_i/M1_decodeur_i2s/registre_24bits_gauche/U0/q_reg_reg[6]/C is not reached by a timing clock
Related violations: <none>

TIMING-17#83 Critical Warning
Non-clocked sequential cell  
The clock pin design_1_i/M1_decodeur_i2s/registre_24bits_gauche/U0/q_reg_reg[7]/C is not reached by a timing clock
Related violations: <none>

TIMING-17#84 Critical Warning
Non-clocked sequential cell  
The clock pin design_1_i/M1_decodeur_i2s/registre_24bits_gauche/U0/q_reg_reg[8]/C is not reached by a timing clock
Related violations: <none>

TIMING-17#85 Critical Warning
Non-clocked sequential cell  
The clock pin design_1_i/M1_decodeur_i2s/registre_24bits_gauche/U0/q_reg_reg[9]/C is not reached by a timing clock
Related violations: <none>

TIMING-17#86 Critical Warning
Non-clocked sequential cell  
The clock pin design_1_i/M1_decodeur_i2s/registre_decalage_24bits/U0/q_shift_reg_reg[0]/C is not reached by a timing clock
Related violations: <none>

TIMING-17#87 Critical Warning
Non-clocked sequential cell  
The clock pin design_1_i/M1_decodeur_i2s/registre_decalage_24bits/U0/q_shift_reg_reg[10]/C is not reached by a timing clock
Related violations: <none>

TIMING-17#88 Critical Warning
Non-clocked sequential cell  
The clock pin design_1_i/M1_decodeur_i2s/registre_decalage_24bits/U0/q_shift_reg_reg[11]/C is not reached by a timing clock
Related violations: <none>

TIMING-17#89 Critical Warning
Non-clocked sequential cell  
The clock pin design_1_i/M1_decodeur_i2s/registre_decalage_24bits/U0/q_shift_reg_reg[12]/C is not reached by a timing clock
Related violations: <none>

TIMING-17#90 Critical Warning
Non-clocked sequential cell  
The clock pin design_1_i/M1_decodeur_i2s/registre_decalage_24bits/U0/q_shift_reg_reg[13]/C is not reached by a timing clock
Related violations: <none>

TIMING-17#91 Critical Warning
Non-clocked sequential cell  
The clock pin design_1_i/M1_decodeur_i2s/registre_decalage_24bits/U0/q_shift_reg_reg[14]/C is not reached by a timing clock
Related violations: <none>

TIMING-17#92 Critical Warning
Non-clocked sequential cell  
The clock pin design_1_i/M1_decodeur_i2s/registre_decalage_24bits/U0/q_shift_reg_reg[15]/C is not reached by a timing clock
Related violations: <none>

TIMING-17#93 Critical Warning
Non-clocked sequential cell  
The clock pin design_1_i/M1_decodeur_i2s/registre_decalage_24bits/U0/q_shift_reg_reg[16]/C is not reached by a timing clock
Related violations: <none>

TIMING-17#94 Critical Warning
Non-clocked sequential cell  
The clock pin design_1_i/M1_decodeur_i2s/registre_decalage_24bits/U0/q_shift_reg_reg[17]/C is not reached by a timing clock
Related violations: <none>

TIMING-17#95 Critical Warning
Non-clocked sequential cell  
The clock pin design_1_i/M1_decodeur_i2s/registre_decalage_24bits/U0/q_shift_reg_reg[18]/C is not reached by a timing clock
Related violations: <none>

TIMING-17#96 Critical Warning
Non-clocked sequential cell  
The clock pin design_1_i/M1_decodeur_i2s/registre_decalage_24bits/U0/q_shift_reg_reg[19]/C is not reached by a timing clock
Related violations: <none>

TIMING-17#97 Critical Warning
Non-clocked sequential cell  
The clock pin design_1_i/M1_decodeur_i2s/registre_decalage_24bits/U0/q_shift_reg_reg[1]/C is not reached by a timing clock
Related violations: <none>

TIMING-17#98 Critical Warning
Non-clocked sequential cell  
The clock pin design_1_i/M1_decodeur_i2s/registre_decalage_24bits/U0/q_shift_reg_reg[20]/C is not reached by a timing clock
Related violations: <none>

TIMING-17#99 Critical Warning
Non-clocked sequential cell  
The clock pin design_1_i/M1_decodeur_i2s/registre_decalage_24bits/U0/q_shift_reg_reg[21]/C is not reached by a timing clock
Related violations: <none>

TIMING-17#100 Critical Warning
Non-clocked sequential cell  
The clock pin design_1_i/M1_decodeur_i2s/registre_decalage_24bits/U0/q_shift_reg_reg[22]/C is not reached by a timing clock
Related violations: <none>

TIMING-17#101 Critical Warning
Non-clocked sequential cell  
The clock pin design_1_i/M1_decodeur_i2s/registre_decalage_24bits/U0/q_shift_reg_reg[23]/C is not reached by a timing clock
Related violations: <none>

TIMING-17#102 Critical Warning
Non-clocked sequential cell  
The clock pin design_1_i/M1_decodeur_i2s/registre_decalage_24bits/U0/q_shift_reg_reg[2]/C is not reached by a timing clock
Related violations: <none>

TIMING-17#103 Critical Warning
Non-clocked sequential cell  
The clock pin design_1_i/M1_decodeur_i2s/registre_decalage_24bits/U0/q_shift_reg_reg[3]/C is not reached by a timing clock
Related violations: <none>

TIMING-17#104 Critical Warning
Non-clocked sequential cell  
The clock pin design_1_i/M1_decodeur_i2s/registre_decalage_24bits/U0/q_shift_reg_reg[4]/C is not reached by a timing clock
Related violations: <none>

TIMING-17#105 Critical Warning
Non-clocked sequential cell  
The clock pin design_1_i/M1_decodeur_i2s/registre_decalage_24bits/U0/q_shift_reg_reg[5]/C is not reached by a timing clock
Related violations: <none>

TIMING-17#106 Critical Warning
Non-clocked sequential cell  
The clock pin design_1_i/M1_decodeur_i2s/registre_decalage_24bits/U0/q_shift_reg_reg[6]/C is not reached by a timing clock
Related violations: <none>

TIMING-17#107 Critical Warning
Non-clocked sequential cell  
The clock pin design_1_i/M1_decodeur_i2s/registre_decalage_24bits/U0/q_shift_reg_reg[7]/C is not reached by a timing clock
Related violations: <none>

TIMING-17#108 Critical Warning
Non-clocked sequential cell  
The clock pin design_1_i/M1_decodeur_i2s/registre_decalage_24bits/U0/q_shift_reg_reg[8]/C is not reached by a timing clock
Related violations: <none>

TIMING-17#109 Critical Warning
Non-clocked sequential cell  
The clock pin design_1_i/M1_decodeur_i2s/registre_decalage_24bits/U0/q_shift_reg_reg[9]/C is not reached by a timing clock
Related violations: <none>

TIMING-17#110 Critical Warning
Non-clocked sequential cell  
The clock pin design_1_i/M5_parametre_1/U0/FSM_onehot_counter_state_reg[0]/C is not reached by a timing clock
Related violations: <none>

TIMING-17#111 Critical Warning
Non-clocked sequential cell  
The clock pin design_1_i/M5_parametre_1/U0/FSM_onehot_counter_state_reg[1]/C is not reached by a timing clock
Related violations: <none>

TIMING-17#112 Critical Warning
Non-clocked sequential cell  
The clock pin design_1_i/M5_parametre_1/U0/FSM_onehot_counter_state_reg[2]/C is not reached by a timing clock
Related violations: <none>

TIMING-17#113 Critical Warning
Non-clocked sequential cell  
The clock pin design_1_i/M5_parametre_1/U0/counter_buffer_reg[0]/C is not reached by a timing clock
Related violations: <none>

TIMING-17#114 Critical Warning
Non-clocked sequential cell  
The clock pin design_1_i/M5_parametre_1/U0/counter_buffer_reg[1]/C is not reached by a timing clock
Related violations: <none>

TIMING-17#115 Critical Warning
Non-clocked sequential cell  
The clock pin design_1_i/M5_parametre_1/U0/counter_buffer_reg[2]/C is not reached by a timing clock
Related violations: <none>

TIMING-17#116 Critical Warning
Non-clocked sequential cell  
The clock pin design_1_i/M5_parametre_1/U0/counter_buffer_reg[3]/C is not reached by a timing clock
Related violations: <none>

TIMING-17#117 Critical Warning
Non-clocked sequential cell  
The clock pin design_1_i/M5_parametre_1/U0/counter_buffer_reg[4]/C is not reached by a timing clock
Related violations: <none>

TIMING-17#118 Critical Warning
Non-clocked sequential cell  
The clock pin design_1_i/M5_parametre_1/U0/counter_buffer_reg[5]/C is not reached by a timing clock
Related violations: <none>

TIMING-17#119 Critical Warning
Non-clocked sequential cell  
The clock pin design_1_i/M5_parametre_1/U0/counter_buffer_reg[6]/C is not reached by a timing clock
Related violations: <none>

TIMING-17#120 Critical Warning
Non-clocked sequential cell  
The clock pin design_1_i/M5_parametre_1/U0/counter_reg[0]/C is not reached by a timing clock
Related violations: <none>

TIMING-17#121 Critical Warning
Non-clocked sequential cell  
The clock pin design_1_i/M5_parametre_1/U0/counter_reg[1]/C is not reached by a timing clock
Related violations: <none>

TIMING-17#122 Critical Warning
Non-clocked sequential cell  
The clock pin design_1_i/M5_parametre_1/U0/counter_reg[2]/C is not reached by a timing clock
Related violations: <none>

TIMING-17#123 Critical Warning
Non-clocked sequential cell  
The clock pin design_1_i/M5_parametre_1/U0/counter_reg[3]/C is not reached by a timing clock
Related violations: <none>

TIMING-17#124 Critical Warning
Non-clocked sequential cell  
The clock pin design_1_i/M5_parametre_1/U0/counter_reg[4]/C is not reached by a timing clock
Related violations: <none>

TIMING-17#125 Critical Warning
Non-clocked sequential cell  
The clock pin design_1_i/M5_parametre_1/U0/counter_reg[5]/C is not reached by a timing clock
Related violations: <none>

TIMING-17#126 Critical Warning
Non-clocked sequential cell  
The clock pin design_1_i/M5_parametre_1/U0/counter_reg[6]/C is not reached by a timing clock
Related violations: <none>

TIMING-17#127 Critical Warning
Non-clocked sequential cell  
The clock pin design_1_i/M5_parametre_1/U0/counter_reg[7]/C is not reached by a timing clock
Related violations: <none>

TIMING-17#128 Critical Warning
Non-clocked sequential cell  
The clock pin design_1_i/M5_parametre_1/U0/counter_reg[8]/C is not reached by a timing clock
Related violations: <none>

TIMING-17#129 Critical Warning
Non-clocked sequential cell  
The clock pin design_1_i/M5_parametre_1/U0/counter_reg[9]/C is not reached by a timing clock
Related violations: <none>

TIMING-17#130 Critical Warning
Non-clocked sequential cell  
The clock pin design_1_i/M5_parametre_1/U0/should_output_reg/C is not reached by a timing clock
Related violations: <none>

TIMING-17#131 Critical Warning
Non-clocked sequential cell  
The clock pin design_1_i/M5_parametre_1/U0/verif_state_reg/C is not reached by a timing clock
Related violations: <none>

TIMING-17#132 Critical Warning
Non-clocked sequential cell  
The clock pin design_1_i/M6_parametre_2/U0/integratoire_state_reg/C is not reached by a timing clock
Related violations: <none>

TIMING-17#133 Critical Warning
Non-clocked sequential cell  
The clock pin design_1_i/M6_parametre_2/U0/old_i_en_val_reg/C is not reached by a timing clock
Related violations: <none>

TIMING-17#134 Critical Warning
Non-clocked sequential cell  
The clock pin design_1_i/M6_parametre_2/U0/param_reg[0]/C is not reached by a timing clock
Related violations: <none>

TIMING-17#135 Critical Warning
Non-clocked sequential cell  
The clock pin design_1_i/M6_parametre_2/U0/param_reg[1]/C is not reached by a timing clock
Related violations: <none>

TIMING-17#136 Critical Warning
Non-clocked sequential cell  
The clock pin design_1_i/M6_parametre_2/U0/param_reg[2]/C is not reached by a timing clock
Related violations: <none>

TIMING-17#137 Critical Warning
Non-clocked sequential cell  
The clock pin design_1_i/M6_parametre_2/U0/param_reg[3]/C is not reached by a timing clock
Related violations: <none>

TIMING-17#138 Critical Warning
Non-clocked sequential cell  
The clock pin design_1_i/M6_parametre_2/U0/param_reg[4]/C is not reached by a timing clock
Related violations: <none>

TIMING-17#139 Critical Warning
Non-clocked sequential cell  
The clock pin design_1_i/M6_parametre_2/U0/param_reg[5]/C is not reached by a timing clock
Related violations: <none>

TIMING-17#140 Critical Warning
Non-clocked sequential cell  
The clock pin design_1_i/M6_parametre_2/U0/param_reg[6]/C is not reached by a timing clock
Related violations: <none>

TIMING-17#141 Critical Warning
Non-clocked sequential cell  
The clock pin design_1_i/M6_parametre_2/U0/param_reg[7]/C is not reached by a timing clock
Related violations: <none>

TIMING-17#142 Critical Warning
Non-clocked sequential cell  
The clock pin design_1_i/M6_parametre_2/U0/y_reg[0]/C is not reached by a timing clock
Related violations: <none>

TIMING-17#143 Critical Warning
Non-clocked sequential cell  
The clock pin design_1_i/M6_parametre_2/U0/y_reg[10]/C is not reached by a timing clock
Related violations: <none>

TIMING-17#144 Critical Warning
Non-clocked sequential cell  
The clock pin design_1_i/M6_parametre_2/U0/y_reg[11]/C is not reached by a timing clock
Related violations: <none>

TIMING-17#145 Critical Warning
Non-clocked sequential cell  
The clock pin design_1_i/M6_parametre_2/U0/y_reg[12]/C is not reached by a timing clock
Related violations: <none>

TIMING-17#146 Critical Warning
Non-clocked sequential cell  
The clock pin design_1_i/M6_parametre_2/U0/y_reg[13]/C is not reached by a timing clock
Related violations: <none>

TIMING-17#147 Critical Warning
Non-clocked sequential cell  
The clock pin design_1_i/M6_parametre_2/U0/y_reg[14]/C is not reached by a timing clock
Related violations: <none>

TIMING-17#148 Critical Warning
Non-clocked sequential cell  
The clock pin design_1_i/M6_parametre_2/U0/y_reg[15]/C is not reached by a timing clock
Related violations: <none>

TIMING-17#149 Critical Warning
Non-clocked sequential cell  
The clock pin design_1_i/M6_parametre_2/U0/y_reg[16]/C is not reached by a timing clock
Related violations: <none>

TIMING-17#150 Critical Warning
Non-clocked sequential cell  
The clock pin design_1_i/M6_parametre_2/U0/y_reg[17]/C is not reached by a timing clock
Related violations: <none>

TIMING-17#151 Critical Warning
Non-clocked sequential cell  
The clock pin design_1_i/M6_parametre_2/U0/y_reg[18]/C is not reached by a timing clock
Related violations: <none>

TIMING-17#152 Critical Warning
Non-clocked sequential cell  
The clock pin design_1_i/M6_parametre_2/U0/y_reg[19]/C is not reached by a timing clock
Related violations: <none>

TIMING-17#153 Critical Warning
Non-clocked sequential cell  
The clock pin design_1_i/M6_parametre_2/U0/y_reg[1]/C is not reached by a timing clock
Related violations: <none>

TIMING-17#154 Critical Warning
Non-clocked sequential cell  
The clock pin design_1_i/M6_parametre_2/U0/y_reg[20]/C is not reached by a timing clock
Related violations: <none>

TIMING-17#155 Critical Warning
Non-clocked sequential cell  
The clock pin design_1_i/M6_parametre_2/U0/y_reg[21]/C is not reached by a timing clock
Related violations: <none>

TIMING-17#156 Critical Warning
Non-clocked sequential cell  
The clock pin design_1_i/M6_parametre_2/U0/y_reg[22]/C is not reached by a timing clock
Related violations: <none>

TIMING-17#157 Critical Warning
Non-clocked sequential cell  
The clock pin design_1_i/M6_parametre_2/U0/y_reg[23]/C is not reached by a timing clock
Related violations: <none>

TIMING-17#158 Critical Warning
Non-clocked sequential cell  
The clock pin design_1_i/M6_parametre_2/U0/y_reg[24]/C is not reached by a timing clock
Related violations: <none>

TIMING-17#159 Critical Warning
Non-clocked sequential cell  
The clock pin design_1_i/M6_parametre_2/U0/y_reg[25]/C is not reached by a timing clock
Related violations: <none>

TIMING-17#160 Critical Warning
Non-clocked sequential cell  
The clock pin design_1_i/M6_parametre_2/U0/y_reg[26]/C is not reached by a timing clock
Related violations: <none>

TIMING-17#161 Critical Warning
Non-clocked sequential cell  
The clock pin design_1_i/M6_parametre_2/U0/y_reg[27]/C is not reached by a timing clock
Related violations: <none>

TIMING-17#162 Critical Warning
Non-clocked sequential cell  
The clock pin design_1_i/M6_parametre_2/U0/y_reg[28]/C is not reached by a timing clock
Related violations: <none>

TIMING-17#163 Critical Warning
Non-clocked sequential cell  
The clock pin design_1_i/M6_parametre_2/U0/y_reg[29]/C is not reached by a timing clock
Related violations: <none>

TIMING-17#164 Critical Warning
Non-clocked sequential cell  
The clock pin design_1_i/M6_parametre_2/U0/y_reg[2]/C is not reached by a timing clock
Related violations: <none>

TIMING-17#165 Critical Warning
Non-clocked sequential cell  
The clock pin design_1_i/M6_parametre_2/U0/y_reg[30]/C is not reached by a timing clock
Related violations: <none>

TIMING-17#166 Critical Warning
Non-clocked sequential cell  
The clock pin design_1_i/M6_parametre_2/U0/y_reg[31]/C is not reached by a timing clock
Related violations: <none>

TIMING-17#167 Critical Warning
Non-clocked sequential cell  
The clock pin design_1_i/M6_parametre_2/U0/y_reg[32]/C is not reached by a timing clock
Related violations: <none>

TIMING-17#168 Critical Warning
Non-clocked sequential cell  
The clock pin design_1_i/M6_parametre_2/U0/y_reg[33]/C is not reached by a timing clock
Related violations: <none>

TIMING-17#169 Critical Warning
Non-clocked sequential cell  
The clock pin design_1_i/M6_parametre_2/U0/y_reg[34]/C is not reached by a timing clock
Related violations: <none>

TIMING-17#170 Critical Warning
Non-clocked sequential cell  
The clock pin design_1_i/M6_parametre_2/U0/y_reg[35]/C is not reached by a timing clock
Related violations: <none>

TIMING-17#171 Critical Warning
Non-clocked sequential cell  
The clock pin design_1_i/M6_parametre_2/U0/y_reg[36]/C is not reached by a timing clock
Related violations: <none>

TIMING-17#172 Critical Warning
Non-clocked sequential cell  
The clock pin design_1_i/M6_parametre_2/U0/y_reg[37]/C is not reached by a timing clock
Related violations: <none>

TIMING-17#173 Critical Warning
Non-clocked sequential cell  
The clock pin design_1_i/M6_parametre_2/U0/y_reg[38]/C is not reached by a timing clock
Related violations: <none>

TIMING-17#174 Critical Warning
Non-clocked sequential cell  
The clock pin design_1_i/M6_parametre_2/U0/y_reg[39]/C is not reached by a timing clock
Related violations: <none>

TIMING-17#175 Critical Warning
Non-clocked sequential cell  
The clock pin design_1_i/M6_parametre_2/U0/y_reg[3]/C is not reached by a timing clock
Related violations: <none>

TIMING-17#176 Critical Warning
Non-clocked sequential cell  
The clock pin design_1_i/M6_parametre_2/U0/y_reg[40]/C is not reached by a timing clock
Related violations: <none>

TIMING-17#177 Critical Warning
Non-clocked sequential cell  
The clock pin design_1_i/M6_parametre_2/U0/y_reg[41]/C is not reached by a timing clock
Related violations: <none>

TIMING-17#178 Critical Warning
Non-clocked sequential cell  
The clock pin design_1_i/M6_parametre_2/U0/y_reg[42]/C is not reached by a timing clock
Related violations: <none>

TIMING-17#179 Critical Warning
Non-clocked sequential cell  
The clock pin design_1_i/M6_parametre_2/U0/y_reg[43]/C is not reached by a timing clock
Related violations: <none>

TIMING-17#180 Critical Warning
Non-clocked sequential cell  
The clock pin design_1_i/M6_parametre_2/U0/y_reg[44]/C is not reached by a timing clock
Related violations: <none>

TIMING-17#181 Critical Warning
Non-clocked sequential cell  
The clock pin design_1_i/M6_parametre_2/U0/y_reg[45]/C is not reached by a timing clock
Related violations: <none>

TIMING-17#182 Critical Warning
Non-clocked sequential cell  
The clock pin design_1_i/M6_parametre_2/U0/y_reg[46]/C is not reached by a timing clock
Related violations: <none>

TIMING-17#183 Critical Warning
Non-clocked sequential cell  
The clock pin design_1_i/M6_parametre_2/U0/y_reg[47]/C is not reached by a timing clock
Related violations: <none>

TIMING-17#184 Critical Warning
Non-clocked sequential cell  
The clock pin design_1_i/M6_parametre_2/U0/y_reg[4]/C is not reached by a timing clock
Related violations: <none>

TIMING-17#185 Critical Warning
Non-clocked sequential cell  
The clock pin design_1_i/M6_parametre_2/U0/y_reg[5]/C is not reached by a timing clock
Related violations: <none>

TIMING-17#186 Critical Warning
Non-clocked sequential cell  
The clock pin design_1_i/M6_parametre_2/U0/y_reg[6]/C is not reached by a timing clock
Related violations: <none>

TIMING-17#187 Critical Warning
Non-clocked sequential cell  
The clock pin design_1_i/M6_parametre_2/U0/y_reg[7]/C is not reached by a timing clock
Related violations: <none>

TIMING-17#188 Critical Warning
Non-clocked sequential cell  
The clock pin design_1_i/M6_parametre_2/U0/y_reg[8]/C is not reached by a timing clock
Related violations: <none>

TIMING-17#189 Critical Warning
Non-clocked sequential cell  
The clock pin design_1_i/M6_parametre_2/U0/y_reg[9]/C is not reached by a timing clock
Related violations: <none>

TIMING-17#190 Critical Warning
Non-clocked sequential cell  
The clock pin design_1_i/M8_commande/U0/FSM_sequential_state_reg[0]/C is not reached by a timing clock
Related violations: <none>

TIMING-17#191 Critical Warning
Non-clocked sequential cell  
The clock pin design_1_i/M8_commande/U0/FSM_sequential_state_reg[1]/C is not reached by a timing clock
Related violations: <none>

TIMING-17#192 Critical Warning
Non-clocked sequential cell  
The clock pin design_1_i/M8_commande/U0/inst_cond_btn/ValueCounter_reg[0]/C is not reached by a timing clock
Related violations: <none>

TIMING-17#193 Critical Warning
Non-clocked sequential cell  
The clock pin design_1_i/M8_commande/U0/inst_cond_btn/ValueCounter_reg[10]/C is not reached by a timing clock
Related violations: <none>

TIMING-17#194 Critical Warning
Non-clocked sequential cell  
The clock pin design_1_i/M8_commande/U0/inst_cond_btn/ValueCounter_reg[11]/C is not reached by a timing clock
Related violations: <none>

TIMING-17#195 Critical Warning
Non-clocked sequential cell  
The clock pin design_1_i/M8_commande/U0/inst_cond_btn/ValueCounter_reg[12]/C is not reached by a timing clock
Related violations: <none>

TIMING-17#196 Critical Warning
Non-clocked sequential cell  
The clock pin design_1_i/M8_commande/U0/inst_cond_btn/ValueCounter_reg[13]/C is not reached by a timing clock
Related violations: <none>

TIMING-17#197 Critical Warning
Non-clocked sequential cell  
The clock pin design_1_i/M8_commande/U0/inst_cond_btn/ValueCounter_reg[14]/C is not reached by a timing clock
Related violations: <none>

TIMING-17#198 Critical Warning
Non-clocked sequential cell  
The clock pin design_1_i/M8_commande/U0/inst_cond_btn/ValueCounter_reg[15]/C is not reached by a timing clock
Related violations: <none>

TIMING-17#199 Critical Warning
Non-clocked sequential cell  
The clock pin design_1_i/M8_commande/U0/inst_cond_btn/ValueCounter_reg[16]/C is not reached by a timing clock
Related violations: <none>

TIMING-17#200 Critical Warning
Non-clocked sequential cell  
The clock pin design_1_i/M8_commande/U0/inst_cond_btn/ValueCounter_reg[1]/C is not reached by a timing clock
Related violations: <none>

TIMING-17#201 Critical Warning
Non-clocked sequential cell  
The clock pin design_1_i/M8_commande/U0/inst_cond_btn/ValueCounter_reg[2]/C is not reached by a timing clock
Related violations: <none>

TIMING-17#202 Critical Warning
Non-clocked sequential cell  
The clock pin design_1_i/M8_commande/U0/inst_cond_btn/ValueCounter_reg[3]/C is not reached by a timing clock
Related violations: <none>

TIMING-17#203 Critical Warning
Non-clocked sequential cell  
The clock pin design_1_i/M8_commande/U0/inst_cond_btn/ValueCounter_reg[4]/C is not reached by a timing clock
Related violations: <none>

TIMING-17#204 Critical Warning
Non-clocked sequential cell  
The clock pin design_1_i/M8_commande/U0/inst_cond_btn/ValueCounter_reg[5]/C is not reached by a timing clock
Related violations: <none>

TIMING-17#205 Critical Warning
Non-clocked sequential cell  
The clock pin design_1_i/M8_commande/U0/inst_cond_btn/ValueCounter_reg[6]/C is not reached by a timing clock
Related violations: <none>

TIMING-17#206 Critical Warning
Non-clocked sequential cell  
The clock pin design_1_i/M8_commande/U0/inst_cond_btn/ValueCounter_reg[7]/C is not reached by a timing clock
Related violations: <none>

TIMING-17#207 Critical Warning
Non-clocked sequential cell  
The clock pin design_1_i/M8_commande/U0/inst_cond_btn/ValueCounter_reg[8]/C is not reached by a timing clock
Related violations: <none>

TIMING-17#208 Critical Warning
Non-clocked sequential cell  
The clock pin design_1_i/M8_commande/U0/inst_cond_btn/ValueCounter_reg[9]/C is not reached by a timing clock
Related violations: <none>

TIMING-17#209 Critical Warning
Non-clocked sequential cell  
The clock pin design_1_i/M8_commande/U0/inst_cond_btn/d_btn_reg[0]/C is not reached by a timing clock
Related violations: <none>

TIMING-17#210 Critical Warning
Non-clocked sequential cell  
The clock pin design_1_i/M8_commande/U0/inst_cond_btn/d_btn_reg[1]/C is not reached by a timing clock
Related violations: <none>

TIMING-17#211 Critical Warning
Non-clocked sequential cell  
The clock pin design_1_i/M8_commande/U0/inst_cond_btn/d_btn_reg[2]/C is not reached by a timing clock
Related violations: <none>

TIMING-17#212 Critical Warning
Non-clocked sequential cell  
The clock pin design_1_i/M8_commande/U0/inst_cond_btn/inst_strb_bit/q_don_reg/C is not reached by a timing clock
Related violations: <none>

TIMING-17#213 Critical Warning
Non-clocked sequential cell  
The clock pin design_1_i/M8_commande/U0/inst_cond_btn/q0_btn_reg[0]/C is not reached by a timing clock
Related violations: <none>

TIMING-17#214 Critical Warning
Non-clocked sequential cell  
The clock pin design_1_i/M8_commande/U0/inst_cond_btn/q0_btn_reg[1]/C is not reached by a timing clock
Related violations: <none>

TIMING-17#215 Critical Warning
Non-clocked sequential cell  
The clock pin design_1_i/M8_commande/U0/inst_cond_btn/q0_btn_reg[2]/C is not reached by a timing clock
Related violations: <none>

TIMING-17#216 Critical Warning
Non-clocked sequential cell  
The clock pin design_1_i/M8_commande/U0/inst_cond_btn/q1_btn_reg[0]/C is not reached by a timing clock
Related violations: <none>

TIMING-17#217 Critical Warning
Non-clocked sequential cell  
The clock pin design_1_i/M8_commande/U0/inst_cond_btn/q1_btn_reg[1]/C is not reached by a timing clock
Related violations: <none>

TIMING-17#218 Critical Warning
Non-clocked sequential cell  
The clock pin design_1_i/M8_commande/U0/inst_cond_btn/q1_btn_reg[2]/C is not reached by a timing clock
Related violations: <none>

TIMING-17#219 Critical Warning
Non-clocked sequential cell  
The clock pin design_1_i/M8_commande/U0/inst_cond_btn/q2_btn_reg[0]/C is not reached by a timing clock
Related violations: <none>

TIMING-17#220 Critical Warning
Non-clocked sequential cell  
The clock pin design_1_i/M8_commande/U0/inst_cond_btn/q2_btn_reg[1]/C is not reached by a timing clock
Related violations: <none>

TIMING-17#221 Critical Warning
Non-clocked sequential cell  
The clock pin design_1_i/M8_commande/U0/o_selection_fct_reg[0]/C is not reached by a timing clock
Related violations: <none>

TIMING-17#222 Critical Warning
Non-clocked sequential cell  
The clock pin design_1_i/M8_commande/U0/o_selection_fct_reg[1]/C is not reached by a timing clock
Related violations: <none>

TIMING-17#223 Critical Warning
Non-clocked sequential cell  
The clock pin design_1_i/M9_codeur_i2s/compteur_nbits_0/U0/d_val_cpt_reg[0]/C is not reached by a timing clock
Related violations: <none>

TIMING-17#224 Critical Warning
Non-clocked sequential cell  
The clock pin design_1_i/M9_codeur_i2s/compteur_nbits_0/U0/d_val_cpt_reg[1]/C is not reached by a timing clock
Related violations: <none>

TIMING-17#225 Critical Warning
Non-clocked sequential cell  
The clock pin design_1_i/M9_codeur_i2s/compteur_nbits_0/U0/d_val_cpt_reg[2]/C is not reached by a timing clock
Related violations: <none>

TIMING-17#226 Critical Warning
Non-clocked sequential cell  
The clock pin design_1_i/M9_codeur_i2s/compteur_nbits_0/U0/d_val_cpt_reg[3]/C is not reached by a timing clock
Related violations: <none>

TIMING-17#227 Critical Warning
Non-clocked sequential cell  
The clock pin design_1_i/M9_codeur_i2s/compteur_nbits_0/U0/d_val_cpt_reg[4]/C is not reached by a timing clock
Related violations: <none>

TIMING-17#228 Critical Warning
Non-clocked sequential cell  
The clock pin design_1_i/M9_codeur_i2s/compteur_nbits_0/U0/d_val_cpt_reg[5]/C is not reached by a timing clock
Related violations: <none>

TIMING-17#229 Critical Warning
Non-clocked sequential cell  
The clock pin design_1_i/M9_codeur_i2s/compteur_nbits_0/U0/d_val_cpt_reg[6]/C is not reached by a timing clock
Related violations: <none>

TIMING-17#230 Critical Warning
Non-clocked sequential cell  
The clock pin design_1_i/M9_codeur_i2s/mef_cod_i2s_vsb_0/U0/FSM_onehot_fsm_EtatCourant_reg[0]/C is not reached by a timing clock
Related violations: <none>

TIMING-17#231 Critical Warning
Non-clocked sequential cell  
The clock pin design_1_i/M9_codeur_i2s/mef_cod_i2s_vsb_0/U0/FSM_onehot_fsm_EtatCourant_reg[10]/C is not reached by a timing clock
Related violations: <none>

TIMING-17#232 Critical Warning
Non-clocked sequential cell  
The clock pin design_1_i/M9_codeur_i2s/mef_cod_i2s_vsb_0/U0/FSM_onehot_fsm_EtatCourant_reg[1]/C is not reached by a timing clock
Related violations: <none>

TIMING-17#233 Critical Warning
Non-clocked sequential cell  
The clock pin design_1_i/M9_codeur_i2s/mef_cod_i2s_vsb_0/U0/FSM_onehot_fsm_EtatCourant_reg[2]/C is not reached by a timing clock
Related violations: <none>

TIMING-17#234 Critical Warning
Non-clocked sequential cell  
The clock pin design_1_i/M9_codeur_i2s/mef_cod_i2s_vsb_0/U0/FSM_onehot_fsm_EtatCourant_reg[3]/C is not reached by a timing clock
Related violations: <none>

TIMING-17#235 Critical Warning
Non-clocked sequential cell  
The clock pin design_1_i/M9_codeur_i2s/mef_cod_i2s_vsb_0/U0/FSM_onehot_fsm_EtatCourant_reg[4]/C is not reached by a timing clock
Related violations: <none>

TIMING-17#236 Critical Warning
Non-clocked sequential cell  
The clock pin design_1_i/M9_codeur_i2s/mef_cod_i2s_vsb_0/U0/FSM_onehot_fsm_EtatCourant_reg[5]/C is not reached by a timing clock
Related violations: <none>

TIMING-17#237 Critical Warning
Non-clocked sequential cell  
The clock pin design_1_i/M9_codeur_i2s/mef_cod_i2s_vsb_0/U0/FSM_onehot_fsm_EtatCourant_reg[6]/C is not reached by a timing clock
Related violations: <none>

TIMING-17#238 Critical Warning
Non-clocked sequential cell  
The clock pin design_1_i/M9_codeur_i2s/mef_cod_i2s_vsb_0/U0/FSM_onehot_fsm_EtatCourant_reg[7]/C is not reached by a timing clock
Related violations: <none>

TIMING-17#239 Critical Warning
Non-clocked sequential cell  
The clock pin design_1_i/M9_codeur_i2s/mef_cod_i2s_vsb_0/U0/FSM_onehot_fsm_EtatCourant_reg[8]/C is not reached by a timing clock
Related violations: <none>

TIMING-17#240 Critical Warning
Non-clocked sequential cell  
The clock pin design_1_i/M9_codeur_i2s/mef_cod_i2s_vsb_0/U0/FSM_onehot_fsm_EtatCourant_reg[9]/C is not reached by a timing clock
Related violations: <none>

TIMING-17#241 Critical Warning
Non-clocked sequential cell  
The clock pin design_1_i/M9_codeur_i2s/reg_dec_24b_fd_0/U0/q_shift_reg_reg[0]/C is not reached by a timing clock
Related violations: <none>

TIMING-17#242 Critical Warning
Non-clocked sequential cell  
The clock pin design_1_i/M9_codeur_i2s/reg_dec_24b_fd_0/U0/q_shift_reg_reg[10]/C is not reached by a timing clock
Related violations: <none>

TIMING-17#243 Critical Warning
Non-clocked sequential cell  
The clock pin design_1_i/M9_codeur_i2s/reg_dec_24b_fd_0/U0/q_shift_reg_reg[11]/C is not reached by a timing clock
Related violations: <none>

TIMING-17#244 Critical Warning
Non-clocked sequential cell  
The clock pin design_1_i/M9_codeur_i2s/reg_dec_24b_fd_0/U0/q_shift_reg_reg[12]/C is not reached by a timing clock
Related violations: <none>

TIMING-17#245 Critical Warning
Non-clocked sequential cell  
The clock pin design_1_i/M9_codeur_i2s/reg_dec_24b_fd_0/U0/q_shift_reg_reg[13]/C is not reached by a timing clock
Related violations: <none>

TIMING-17#246 Critical Warning
Non-clocked sequential cell  
The clock pin design_1_i/M9_codeur_i2s/reg_dec_24b_fd_0/U0/q_shift_reg_reg[14]/C is not reached by a timing clock
Related violations: <none>

TIMING-17#247 Critical Warning
Non-clocked sequential cell  
The clock pin design_1_i/M9_codeur_i2s/reg_dec_24b_fd_0/U0/q_shift_reg_reg[15]/C is not reached by a timing clock
Related violations: <none>

TIMING-17#248 Critical Warning
Non-clocked sequential cell  
The clock pin design_1_i/M9_codeur_i2s/reg_dec_24b_fd_0/U0/q_shift_reg_reg[16]/C is not reached by a timing clock
Related violations: <none>

TIMING-17#249 Critical Warning
Non-clocked sequential cell  
The clock pin design_1_i/M9_codeur_i2s/reg_dec_24b_fd_0/U0/q_shift_reg_reg[17]/C is not reached by a timing clock
Related violations: <none>

TIMING-17#250 Critical Warning
Non-clocked sequential cell  
The clock pin design_1_i/M9_codeur_i2s/reg_dec_24b_fd_0/U0/q_shift_reg_reg[18]/C is not reached by a timing clock
Related violations: <none>

TIMING-17#251 Critical Warning
Non-clocked sequential cell  
The clock pin design_1_i/M9_codeur_i2s/reg_dec_24b_fd_0/U0/q_shift_reg_reg[19]/C is not reached by a timing clock
Related violations: <none>

TIMING-17#252 Critical Warning
Non-clocked sequential cell  
The clock pin design_1_i/M9_codeur_i2s/reg_dec_24b_fd_0/U0/q_shift_reg_reg[1]/C is not reached by a timing clock
Related violations: <none>

TIMING-17#253 Critical Warning
Non-clocked sequential cell  
The clock pin design_1_i/M9_codeur_i2s/reg_dec_24b_fd_0/U0/q_shift_reg_reg[20]/C is not reached by a timing clock
Related violations: <none>

TIMING-17#254 Critical Warning
Non-clocked sequential cell  
The clock pin design_1_i/M9_codeur_i2s/reg_dec_24b_fd_0/U0/q_shift_reg_reg[21]/C is not reached by a timing clock
Related violations: <none>

TIMING-17#255 Critical Warning
Non-clocked sequential cell  
The clock pin design_1_i/M9_codeur_i2s/reg_dec_24b_fd_0/U0/q_shift_reg_reg[22]/C is not reached by a timing clock
Related violations: <none>

TIMING-17#256 Critical Warning
Non-clocked sequential cell  
The clock pin design_1_i/M9_codeur_i2s/reg_dec_24b_fd_0/U0/q_shift_reg_reg[23]/C is not reached by a timing clock
Related violations: <none>

TIMING-17#257 Critical Warning
Non-clocked sequential cell  
The clock pin design_1_i/M9_codeur_i2s/reg_dec_24b_fd_0/U0/q_shift_reg_reg[2]/C is not reached by a timing clock
Related violations: <none>

TIMING-17#258 Critical Warning
Non-clocked sequential cell  
The clock pin design_1_i/M9_codeur_i2s/reg_dec_24b_fd_0/U0/q_shift_reg_reg[3]/C is not reached by a timing clock
Related violations: <none>

TIMING-17#259 Critical Warning
Non-clocked sequential cell  
The clock pin design_1_i/M9_codeur_i2s/reg_dec_24b_fd_0/U0/q_shift_reg_reg[4]/C is not reached by a timing clock
Related violations: <none>

TIMING-17#260 Critical Warning
Non-clocked sequential cell  
The clock pin design_1_i/M9_codeur_i2s/reg_dec_24b_fd_0/U0/q_shift_reg_reg[5]/C is not reached by a timing clock
Related violations: <none>

TIMING-17#261 Critical Warning
Non-clocked sequential cell  
The clock pin design_1_i/M9_codeur_i2s/reg_dec_24b_fd_0/U0/q_shift_reg_reg[6]/C is not reached by a timing clock
Related violations: <none>

TIMING-17#262 Critical Warning
Non-clocked sequential cell  
The clock pin design_1_i/M9_codeur_i2s/reg_dec_24b_fd_0/U0/q_shift_reg_reg[7]/C is not reached by a timing clock
Related violations: <none>

TIMING-17#263 Critical Warning
Non-clocked sequential cell  
The clock pin design_1_i/M9_codeur_i2s/reg_dec_24b_fd_0/U0/q_shift_reg_reg[8]/C is not reached by a timing clock
Related violations: <none>

TIMING-17#264 Critical Warning
Non-clocked sequential cell  
The clock pin design_1_i/M9_codeur_i2s/reg_dec_24b_fd_0/U0/q_shift_reg_reg[9]/C is not reached by a timing clock
Related violations: <none>

TIMING-17#265 Critical Warning
Non-clocked sequential cell  
The clock pin inst_synchro/inst_gen_clk_codec/q_reclrc_reg/C is not reached by a timing clock
Related violations: <none>

HPDR-1#1 Warning
Port pin direction inconsistency  
Hierarchical port(pin) io_ac_sda direction INOUT is not consistent with the directions of the cell pins/ports found at that level of the netlist hierarchy. Please review the design and consider changing the port(pin) direction. Both drivers and loads were expected for the net (io_ac_sda) connected to this Port, but both were not found.
Related violations: <none>

LUTAR-1#1 Warning
LUT drives async reset alert  
LUT cell design_1_i/M1_decodeur_i2s/MEF_decodeur_i2s/U0/next_state_reg[0]_LDC_i_2, with 2 or more inputs, drives asynchronous preset/clear pin(s) design_1_i/M1_decodeur_i2s/MEF_decodeur_i2s/U0/next_state_reg[0]_C/CLR
design_1_i/M1_decodeur_i2s/MEF_decodeur_i2s/U0/next_state_reg[0]_LDC/CLR. The LUT may glitch and trigger an unexpected reset, even if it is a properly timed path.
Related violations: <none>

LUTAR-1#2 Warning
LUT drives async reset alert  
LUT cell design_1_i/M1_decodeur_i2s/MEF_decodeur_i2s/U0/next_state_reg[1]_LDC_i_1, with 2 or more inputs, drives asynchronous preset/clear pin(s) design_1_i/M1_decodeur_i2s/MEF_decodeur_i2s/U0/next_state_reg[1]_P/PRE. The LUT may glitch and trigger an unexpected reset, even if it is a properly timed path.
Related violations: <none>

LUTAR-1#3 Warning
LUT drives async reset alert  
LUT cell design_1_i/M1_decodeur_i2s/MEF_decodeur_i2s/U0/next_state_reg[1]_LDC_i_2, with 2 or more inputs, drives asynchronous preset/clear pin(s) design_1_i/M1_decodeur_i2s/MEF_decodeur_i2s/U0/next_state_reg[1]_LDC/CLR. The LUT may glitch and trigger an unexpected reset, even if it is a properly timed path.
Related violations: <none>

LUTAR-1#4 Warning
LUT drives async reset alert  
LUT cell design_1_i/M1_decodeur_i2s/MEF_decodeur_i2s/U0/o_cpt_bit_reset_INST_0, with 2 or more inputs, drives asynchronous preset/clear pin(s) design_1_i/M1_decodeur_i2s/compteur_7bits/U0/d_val_cpt_reg[0]/CLR,
design_1_i/M1_decodeur_i2s/compteur_7bits/U0/d_val_cpt_reg[1]/CLR,
design_1_i/M1_decodeur_i2s/compteur_7bits/U0/d_val_cpt_reg[2]/CLR,
design_1_i/M1_decodeur_i2s/compteur_7bits/U0/d_val_cpt_reg[3]/CLR,
design_1_i/M1_decodeur_i2s/compteur_7bits/U0/d_val_cpt_reg[4]/CLR,
design_1_i/M1_decodeur_i2s/compteur_7bits/U0/d_val_cpt_reg[5]/CLR
design_1_i/M1_decodeur_i2s/compteur_7bits/U0/d_val_cpt_reg[6]/CLR. The LUT may glitch and trigger an unexpected reset, even if it is a properly timed path.
Related violations: <none>

LUTAR-1#5 Warning
LUT drives async reset alert  
LUT cell design_1_i/M9_codeur_i2s/mef_cod_i2s_vsb_0/U0/o_cpt_bit_reset_INST_0, with 2 or more inputs, drives asynchronous preset/clear pin(s) design_1_i/M9_codeur_i2s/compteur_nbits_0/U0/d_val_cpt_reg[0]/CLR,
design_1_i/M9_codeur_i2s/compteur_nbits_0/U0/d_val_cpt_reg[1]/CLR,
design_1_i/M9_codeur_i2s/compteur_nbits_0/U0/d_val_cpt_reg[2]/CLR,
design_1_i/M9_codeur_i2s/compteur_nbits_0/U0/d_val_cpt_reg[3]/CLR,
design_1_i/M9_codeur_i2s/compteur_nbits_0/U0/d_val_cpt_reg[4]/CLR,
design_1_i/M9_codeur_i2s/compteur_nbits_0/U0/d_val_cpt_reg[5]/CLR
design_1_i/M9_codeur_i2s/compteur_nbits_0/U0/d_val_cpt_reg[6]/CLR. The LUT may glitch and trigger an unexpected reset, even if it is a properly timed path.
Related violations: <none>

TIMING-20#1 Warning
Non-clocked latch  
The latch design_1_i/M1_decodeur_i2s/MEF_decodeur_i2s/U0/next_state_reg[0]_LDC cannot be properly analyzed as its control pin design_1_i/M1_decodeur_i2s/MEF_decodeur_i2s/U0/next_state_reg[0]_LDC/G is not reached by a timing clock
Related violations: <none>

TIMING-20#2 Warning
Non-clocked latch  
The latch design_1_i/M1_decodeur_i2s/MEF_decodeur_i2s/U0/next_state_reg[1]_LDC cannot be properly analyzed as its control pin design_1_i/M1_decodeur_i2s/MEF_decodeur_i2s/U0/next_state_reg[1]_LDC/G is not reached by a timing clock
Related violations: <none>

TIMING-20#3 Warning
Non-clocked latch  
The latch design_1_i/M5_parametre_1/U0/next_verif_state_reg cannot be properly analyzed as its control pin design_1_i/M5_parametre_1/U0/next_verif_state_reg/G is not reached by a timing clock
Related violations: <none>

TIMING-20#4 Warning
Non-clocked latch  
The latch design_1_i/M5_parametre_1/U0/param_reg[1] cannot be properly analyzed as its control pin design_1_i/M5_parametre_1/U0/param_reg[1]/G is not reached by a timing clock
Related violations: <none>

TIMING-20#5 Warning
Non-clocked latch  
The latch design_1_i/M5_parametre_1/U0/param_reg[2] cannot be properly analyzed as its control pin design_1_i/M5_parametre_1/U0/param_reg[2]/G is not reached by a timing clock
Related violations: <none>

TIMING-20#6 Warning
Non-clocked latch  
The latch design_1_i/M5_parametre_1/U0/param_reg[3] cannot be properly analyzed as its control pin design_1_i/M5_parametre_1/U0/param_reg[3]/G is not reached by a timing clock
Related violations: <none>

TIMING-20#7 Warning
Non-clocked latch  
The latch design_1_i/M5_parametre_1/U0/param_reg[4] cannot be properly analyzed as its control pin design_1_i/M5_parametre_1/U0/param_reg[4]/G is not reached by a timing clock
Related violations: <none>

TIMING-20#8 Warning
Non-clocked latch  
The latch design_1_i/M5_parametre_1/U0/param_reg[5] cannot be properly analyzed as its control pin design_1_i/M5_parametre_1/U0/param_reg[5]/G is not reached by a timing clock
Related violations: <none>

TIMING-20#9 Warning
Non-clocked latch  
The latch design_1_i/M5_parametre_1/U0/param_reg[6] cannot be properly analyzed as its control pin design_1_i/M5_parametre_1/U0/param_reg[6]/G is not reached by a timing clock
Related violations: <none>

TIMING-20#10 Warning
Non-clocked latch  
The latch design_1_i/M5_parametre_1/U0/param_reg[7] cannot be properly analyzed as its control pin design_1_i/M5_parametre_1/U0/param_reg[7]/G is not reached by a timing clock
Related violations: <none>

TIMING-20#11 Warning
Non-clocked latch  
The latch design_1_i/M5_parametre_1/U0/previous_msb_reg[23] cannot be properly analyzed as its control pin design_1_i/M5_parametre_1/U0/previous_msb_reg[23]/G is not reached by a timing clock
Related violations: <none>


