
*** Running vivado
    with args -log design_1_reg_24b_0_0.vds -m64 -product Vivado -mode batch -messageDb vivado.pb -notrace -source design_1_reg_24b_0_0.tcl


****** Vivado v2021.2 (64-bit)
  **** SW Build 3367213 on Tue Oct 19 02:47:39 MDT 2021
  **** IP Build 3369179 on Thu Oct 21 08:25:16 MDT 2021
    ** Copyright 1986-2021 Xilinx, Inc. All Rights Reserved.

source design_1_reg_24b_0_0.tcl -notrace
create_project: Time (s): cpu = 00:00:08 ; elapsed = 00:00:09 . Memory (MB): peak = 2685.609 ; gain = 5.992 ; free physical = 9934 ; free virtual = 19988
INFO: [IP_Flow 19-234] Refreshing IP repositories
INFO: [IP_Flow 19-1704] No user IP repositories specified
INFO: [IP_Flow 19-2313] Loaded Vivado IP repository '/usr/share/xilinx/Vivado/2021.2/data/ip'.
Command: synth_design -top design_1_reg_24b_0_0 -part xc7z010clg400-1 -mode out_of_context
Starting synth_design
Attempting to get a license for feature 'Synthesis' and/or device 'xc7z010'
INFO: [Common 17-349] Got license for feature 'Synthesis' and/or device 'xc7z010'
INFO: [Synth 8-7079] Multithreading enabled for synth_design using a maximum of 4 processes.
INFO: [Synth 8-7078] Launching helper process for spawning children vivado processes
INFO: [Synth 8-7075] Helper process launched with PID 93230
---------------------------------------------------------------------------------
Starting Synthesize : Time (s): cpu = 00:00:06 ; elapsed = 00:00:14 . Memory (MB): peak = 2685.723 ; gain = 0.000 ; free physical = 547 ; free virtual = 9817
---------------------------------------------------------------------------------
INFO: [Synth 8-638] synthesizing module 'design_1_reg_24b_0_0' [/home/raesangur/github/UdeS_S4_APP2/Problematique/pb_logique_seq.gen/sources_1/bd/design_1/ip/design_1_reg_24b_0_0/synth/design_1_reg_24b_0_0.vhd:66]
INFO: [Synth 8-3491] module 'reg_24b' declared at '/home/raesangur/github/UdeS_S4_APP2/Pain/pb_logique_seq.srcs/sources_1/imports/new/reg_24b.vhd:27' bound to instance 'U0' of component 'reg_24b' [/home/raesangur/github/UdeS_S4_APP2/Problematique/pb_logique_seq.gen/sources_1/bd/design_1/ip/design_1_reg_24b_0_0/synth/design_1_reg_24b_0_0.vhd:93]
INFO: [Synth 8-638] synthesizing module 'reg_24b' [/home/raesangur/github/UdeS_S4_APP2/Pain/pb_logique_seq.srcs/sources_1/imports/new/reg_24b.vhd:37]
WARNING: [Synth 8-614] signal 'i_en' is read in the process but is not in the sensitivity list [/home/raesangur/github/UdeS_S4_APP2/Pain/pb_logique_seq.srcs/sources_1/imports/new/reg_24b.vhd:44]
INFO: [Synth 8-256] done synthesizing module 'reg_24b' (1#1) [/home/raesangur/github/UdeS_S4_APP2/Pain/pb_logique_seq.srcs/sources_1/imports/new/reg_24b.vhd:37]
INFO: [Synth 8-256] done synthesizing module 'design_1_reg_24b_0_0' (2#1) [/home/raesangur/github/UdeS_S4_APP2/Problematique/pb_logique_seq.gen/sources_1/bd/design_1/ip/design_1_reg_24b_0_0/synth/design_1_reg_24b_0_0.vhd:66]
---------------------------------------------------------------------------------
Finished Synthesize : Time (s): cpu = 00:00:07 ; elapsed = 00:00:17 . Memory (MB): peak = 2685.723 ; gain = 0.000 ; free physical = 4927 ; free virtual = 14183
---------------------------------------------------------------------------------
---------------------------------------------------------------------------------
Finished Constraint Validation : Time (s): cpu = 00:00:08 ; elapsed = 00:00:19 . Memory (MB): peak = 2685.723 ; gain = 0.000 ; free physical = 6708 ; free virtual = 15969
---------------------------------------------------------------------------------
---------------------------------------------------------------------------------
Start Loading Part and Timing Information
---------------------------------------------------------------------------------
Loading part: xc7z010clg400-1
---------------------------------------------------------------------------------
Finished Loading Part and Timing Information : Time (s): cpu = 00:00:08 ; elapsed = 00:00:19 . Memory (MB): peak = 2693.613 ; gain = 7.891 ; free physical = 6705 ; free virtual = 15966
---------------------------------------------------------------------------------
INFO: [Device 21-403] Loading part xc7z010clg400-1
---------------------------------------------------------------------------------
Finished RTL Optimization Phase 2 : Time (s): cpu = 00:00:08 ; elapsed = 00:00:19 . Memory (MB): peak = 2693.613 ; gain = 7.891 ; free physical = 6702 ; free virtual = 15966
---------------------------------------------------------------------------------
No constraint files found.
---------------------------------------------------------------------------------
Start RTL Component Statistics 
---------------------------------------------------------------------------------
Detailed RTL Component Info : 
+---Registers : 
	               24 Bit    Registers := 1     
---------------------------------------------------------------------------------
Finished RTL Component Statistics 
---------------------------------------------------------------------------------
---------------------------------------------------------------------------------
Start Part Resource Summary
---------------------------------------------------------------------------------
Part Resources:
DSPs: 80 (col length:40)
BRAMs: 120 (col length: RAMB18 40 RAMB36 20)
---------------------------------------------------------------------------------
Finished Part Resource Summary
---------------------------------------------------------------------------------
No constraint files found.
---------------------------------------------------------------------------------
Start Cross Boundary and Area Optimization
---------------------------------------------------------------------------------
WARNING: [Synth 8-7080] Parallel synthesis criteria is not met
---------------------------------------------------------------------------------
Finished Cross Boundary and Area Optimization : Time (s): cpu = 00:00:14 ; elapsed = 00:00:26 . Memory (MB): peak = 2693.613 ; gain = 7.891 ; free physical = 5981 ; free virtual = 15248
---------------------------------------------------------------------------------
No constraint files found.
---------------------------------------------------------------------------------
Start Timing Optimization
---------------------------------------------------------------------------------
---------------------------------------------------------------------------------
Finished Timing Optimization : Time (s): cpu = 00:00:14 ; elapsed = 00:00:26 . Memory (MB): peak = 2693.613 ; gain = 7.891 ; free physical = 5976 ; free virtual = 15243
---------------------------------------------------------------------------------
---------------------------------------------------------------------------------
Start Technology Mapping
---------------------------------------------------------------------------------
---------------------------------------------------------------------------------
Finished Technology Mapping : Time (s): cpu = 00:00:14 ; elapsed = 00:00:26 . Memory (MB): peak = 2693.613 ; gain = 7.891 ; free physical = 5953 ; free virtual = 15219
---------------------------------------------------------------------------------
---------------------------------------------------------------------------------
Start IO Insertion
---------------------------------------------------------------------------------
---------------------------------------------------------------------------------
Start Flattening Before IO Insertion
---------------------------------------------------------------------------------
---------------------------------------------------------------------------------
Finished Flattening Before IO Insertion
---------------------------------------------------------------------------------
---------------------------------------------------------------------------------
Start Final Netlist Cleanup
---------------------------------------------------------------------------------
---------------------------------------------------------------------------------
Finished Final Netlist Cleanup
---------------------------------------------------------------------------------
---------------------------------------------------------------------------------
Finished IO Insertion : Time (s): cpu = 00:00:20 ; elapsed = 00:00:33 . Memory (MB): peak = 2693.613 ; gain = 7.891 ; free physical = 6653 ; free virtual = 15918
---------------------------------------------------------------------------------
---------------------------------------------------------------------------------
Start Renaming Generated Instances
---------------------------------------------------------------------------------
---------------------------------------------------------------------------------
Finished Renaming Generated Instances : Time (s): cpu = 00:00:20 ; elapsed = 00:00:33 . Memory (MB): peak = 2693.613 ; gain = 7.891 ; free physical = 6653 ; free virtual = 15917
---------------------------------------------------------------------------------
---------------------------------------------------------------------------------
Start Rebuilding User Hierarchy
---------------------------------------------------------------------------------
---------------------------------------------------------------------------------
Finished Rebuilding User Hierarchy : Time (s): cpu = 00:00:20 ; elapsed = 00:00:33 . Memory (MB): peak = 2693.613 ; gain = 7.891 ; free physical = 6652 ; free virtual = 15916
---------------------------------------------------------------------------------
---------------------------------------------------------------------------------
Start Renaming Generated Ports
---------------------------------------------------------------------------------
---------------------------------------------------------------------------------
Finished Renaming Generated Ports : Time (s): cpu = 00:00:20 ; elapsed = 00:00:33 . Memory (MB): peak = 2693.613 ; gain = 7.891 ; free physical = 6652 ; free virtual = 15916
---------------------------------------------------------------------------------
---------------------------------------------------------------------------------
Start Handling Custom Attributes
---------------------------------------------------------------------------------
---------------------------------------------------------------------------------
Finished Handling Custom Attributes : Time (s): cpu = 00:00:20 ; elapsed = 00:00:33 . Memory (MB): peak = 2693.613 ; gain = 7.891 ; free physical = 6652 ; free virtual = 15916
---------------------------------------------------------------------------------
---------------------------------------------------------------------------------
Start Renaming Generated Nets
---------------------------------------------------------------------------------
---------------------------------------------------------------------------------
Finished Renaming Generated Nets : Time (s): cpu = 00:00:20 ; elapsed = 00:00:33 . Memory (MB): peak = 2693.613 ; gain = 7.891 ; free physical = 6652 ; free virtual = 15916
---------------------------------------------------------------------------------
---------------------------------------------------------------------------------
Start Writing Synthesis Report
---------------------------------------------------------------------------------

Report BlackBoxes: 
+-+--------------+----------+
| |BlackBox name |Instances |
+-+--------------+----------+
+-+--------------+----------+

Report Cell Usage: 
+------+-----+------+
|      |Cell |Count |
+------+-----+------+
|1     |FDCE |    24|
+------+-----+------+

Report Instance Areas: 
+------+---------+--------+------+
|      |Instance |Module  |Cells |
+------+---------+--------+------+
|1     |top      |        |    24|
|2     |  U0     |reg_24b |    24|
+------+---------+--------+------+
---------------------------------------------------------------------------------
Finished Writing Synthesis Report : Time (s): cpu = 00:00:20 ; elapsed = 00:00:33 . Memory (MB): peak = 2693.613 ; gain = 7.891 ; free physical = 6651 ; free virtual = 15916
---------------------------------------------------------------------------------
Synthesis finished with 0 errors, 0 critical warnings and 2 warnings.
Synthesis Optimization Runtime : Time (s): cpu = 00:00:20 ; elapsed = 00:00:33 . Memory (MB): peak = 2693.613 ; gain = 7.891 ; free physical = 6650 ; free virtual = 15914
Synthesis Optimization Complete : Time (s): cpu = 00:00:20 ; elapsed = 00:00:33 . Memory (MB): peak = 2693.621 ; gain = 7.891 ; free physical = 6650 ; free virtual = 15914
INFO: [Project 1-571] Translating synthesized netlist
Netlist sorting complete. Time (s): cpu = 00:00:00 ; elapsed = 00:00:00 . Memory (MB): peak = 2693.621 ; gain = 0.000 ; free physical = 6794 ; free virtual = 16059
INFO: [Project 1-570] Preparing netlist for logic optimization
INFO: [Opt 31-138] Pushed 0 inverter(s) to 0 load pin(s).
Netlist sorting complete. Time (s): cpu = 00:00:00 ; elapsed = 00:00:00 . Memory (MB): peak = 2693.621 ; gain = 0.000 ; free physical = 7108 ; free virtual = 16360
INFO: [Project 1-111] Unisim Transformation Summary:
No Unisim elements were transformed.

Synth Design complete, checksum: 746634ed
INFO: [Common 17-83] Releasing license: Synthesis
18 Infos, 2 Warnings, 0 Critical Warnings and 0 Errors encountered.
synth_design completed successfully
synth_design: Time (s): cpu = 00:00:30 ; elapsed = 00:00:36 . Memory (MB): peak = 2693.621 ; gain = 8.012 ; free physical = 7370 ; free virtual = 16622
INFO: [Timing 38-35] Done setting XDC timing constraints.
INFO: [Common 17-1381] The checkpoint '/home/raesangur/github/UdeS_S4_APP2/Pain/pb_logique_seq.runs/design_1_reg_24b_0_0_synth_1/design_1_reg_24b_0_0.dcp' has been generated.
write_checkpoint: Time (s): cpu = 00:00:10 ; elapsed = 00:00:11 . Memory (MB): peak = 2833.516 ; gain = 139.895 ; free physical = 4848 ; free virtual = 14096
INFO: [Common 17-1381] The checkpoint '/home/raesangur/github/UdeS_S4_APP2/Pain/pb_logique_seq.runs/design_1_reg_24b_0_0_synth_1/design_1_reg_24b_0_0.dcp' has been generated.
INFO: [runtcl-4] Executing : report_utilization -file design_1_reg_24b_0_0_utilization_synth.rpt -pb design_1_reg_24b_0_0_utilization_synth.pb
INFO: [Common 17-206] Exiting Vivado at Fri May 27 01:14:35 2022...
