
*** Running vivado
    with args -log design_1_mux2_0_0.vds -m64 -product Vivado -mode batch -messageDb vivado.pb -notrace -source design_1_mux2_0_0.tcl


****** Vivado v2021.2 (64-bit)
  **** SW Build 3367213 on Tue Oct 19 02:47:39 MDT 2021
  **** IP Build 3369179 on Thu Oct 21 08:25:16 MDT 2021
    ** Copyright 1986-2021 Xilinx, Inc. All Rights Reserved.

source design_1_mux2_0_0.tcl -notrace
create_project: Time (s): cpu = 00:00:06 ; elapsed = 00:00:08 . Memory (MB): peak = 2679.621 ; gain = 0.000 ; free physical = 9888 ; free virtual = 19942
INFO: [IP_Flow 19-234] Refreshing IP repositories
INFO: [IP_Flow 19-1704] No user IP repositories specified
INFO: [IP_Flow 19-2313] Loaded Vivado IP repository '/usr/share/xilinx/Vivado/2021.2/data/ip'.
Command: synth_design -top design_1_mux2_0_0 -part xc7z010clg400-1 -mode out_of_context
Starting synth_design
Attempting to get a license for feature 'Synthesis' and/or device 'xc7z010'
INFO: [Common 17-349] Got license for feature 'Synthesis' and/or device 'xc7z010'
INFO: [Synth 8-7079] Multithreading enabled for synth_design using a maximum of 4 processes.
INFO: [Synth 8-7078] Launching helper process for spawning children vivado processes
INFO: [Synth 8-7075] Helper process launched with PID 93375
---------------------------------------------------------------------------------
Starting Synthesize : Time (s): cpu = 00:00:06 ; elapsed = 00:00:12 . Memory (MB): peak = 2679.621 ; gain = 0.000 ; free physical = 645 ; free virtual = 10358
---------------------------------------------------------------------------------
INFO: [Synth 8-638] synthesizing module 'design_1_mux2_0_0' [/home/raesangur/github/UdeS_S4_APP2/Problematique/pb_logique_seq.gen/sources_1/bd/design_1/ip/design_1_mux2_0_0/synth/design_1_mux2_0_0.vhd:65]
	Parameter input_length bound to: 24 - type: integer 
INFO: [Synth 8-3491] module 'mux2' declared at '/home/raesangur/github/UdeS_S4_APP2/Pain/pb_logique_seq.srcs/sources_1/imports/new/mux2.vhd:34' bound to instance 'U0' of component 'mux2' [/home/raesangur/github/UdeS_S4_APP2/Problematique/pb_logique_seq.gen/sources_1/bd/design_1/ip/design_1_mux2_0_0/synth/design_1_mux2_0_0.vhd:88]
INFO: [Synth 8-638] synthesizing module 'mux2' [/home/raesangur/github/UdeS_S4_APP2/Pain/pb_logique_seq.srcs/sources_1/imports/new/mux2.vhd:42]
INFO: [Synth 8-226] default block is never used [/home/raesangur/github/UdeS_S4_APP2/Pain/pb_logique_seq.srcs/sources_1/imports/new/mux2.vhd:50]
WARNING: [Synth 8-614] signal 'tied_to_gnd' is read in the process but is not in the sensitivity list [/home/raesangur/github/UdeS_S4_APP2/Pain/pb_logique_seq.srcs/sources_1/imports/new/mux2.vhd:48]
INFO: [Synth 8-256] done synthesizing module 'mux2' (1#1) [/home/raesangur/github/UdeS_S4_APP2/Pain/pb_logique_seq.srcs/sources_1/imports/new/mux2.vhd:42]
INFO: [Synth 8-256] done synthesizing module 'design_1_mux2_0_0' (2#1) [/home/raesangur/github/UdeS_S4_APP2/Problematique/pb_logique_seq.gen/sources_1/bd/design_1/ip/design_1_mux2_0_0/synth/design_1_mux2_0_0.vhd:65]
---------------------------------------------------------------------------------
Finished Synthesize : Time (s): cpu = 00:00:07 ; elapsed = 00:00:16 . Memory (MB): peak = 2679.621 ; gain = 0.000 ; free physical = 4895 ; free virtual = 14150
---------------------------------------------------------------------------------
---------------------------------------------------------------------------------
Finished Constraint Validation : Time (s): cpu = 00:00:08 ; elapsed = 00:00:18 . Memory (MB): peak = 2679.621 ; gain = 0.000 ; free physical = 6827 ; free virtual = 16074
---------------------------------------------------------------------------------
---------------------------------------------------------------------------------
Start Loading Part and Timing Information
---------------------------------------------------------------------------------
Loading part: xc7z010clg400-1
---------------------------------------------------------------------------------
Finished Loading Part and Timing Information : Time (s): cpu = 00:00:08 ; elapsed = 00:00:18 . Memory (MB): peak = 2685.648 ; gain = 6.027 ; free physical = 6826 ; free virtual = 16072
---------------------------------------------------------------------------------
INFO: [Device 21-403] Loading part xc7z010clg400-1
---------------------------------------------------------------------------------
Finished RTL Optimization Phase 2 : Time (s): cpu = 00:00:08 ; elapsed = 00:00:18 . Memory (MB): peak = 2685.648 ; gain = 6.027 ; free physical = 6711 ; free virtual = 15972
---------------------------------------------------------------------------------
No constraint files found.
---------------------------------------------------------------------------------
Start RTL Component Statistics 
---------------------------------------------------------------------------------
Detailed RTL Component Info : 
+---Muxes : 
	   4 Input   24 Bit        Muxes := 1     
---------------------------------------------------------------------------------
Finished RTL Component Statistics 
---------------------------------------------------------------------------------
---------------------------------------------------------------------------------
Start Part Resource Summary
---------------------------------------------------------------------------------
Part Resources:
DSPs: 80 (col length:40)
BRAMs: 120 (col length: RAMB18 40 RAMB36 20)
---------------------------------------------------------------------------------
Finished Part Resource Summary
---------------------------------------------------------------------------------
No constraint files found.
---------------------------------------------------------------------------------
Start Cross Boundary and Area Optimization
---------------------------------------------------------------------------------
WARNING: [Synth 8-7080] Parallel synthesis criteria is not met
---------------------------------------------------------------------------------
Finished Cross Boundary and Area Optimization : Time (s): cpu = 00:00:14 ; elapsed = 00:00:25 . Memory (MB): peak = 2685.648 ; gain = 6.027 ; free physical = 5999 ; free virtual = 15268
---------------------------------------------------------------------------------
No constraint files found.
---------------------------------------------------------------------------------
Start Timing Optimization
---------------------------------------------------------------------------------
---------------------------------------------------------------------------------
Finished Timing Optimization : Time (s): cpu = 00:00:14 ; elapsed = 00:00:25 . Memory (MB): peak = 2685.648 ; gain = 6.027 ; free physical = 5997 ; free virtual = 15265
---------------------------------------------------------------------------------
---------------------------------------------------------------------------------
Start Technology Mapping
---------------------------------------------------------------------------------
---------------------------------------------------------------------------------
Finished Technology Mapping : Time (s): cpu = 00:00:14 ; elapsed = 00:00:25 . Memory (MB): peak = 2685.648 ; gain = 6.027 ; free physical = 5994 ; free virtual = 15263
---------------------------------------------------------------------------------
---------------------------------------------------------------------------------
Start IO Insertion
---------------------------------------------------------------------------------
---------------------------------------------------------------------------------
Start Flattening Before IO Insertion
---------------------------------------------------------------------------------
---------------------------------------------------------------------------------
Finished Flattening Before IO Insertion
---------------------------------------------------------------------------------
---------------------------------------------------------------------------------
Start Final Netlist Cleanup
---------------------------------------------------------------------------------
---------------------------------------------------------------------------------
Finished Final Netlist Cleanup
---------------------------------------------------------------------------------
---------------------------------------------------------------------------------
Finished IO Insertion : Time (s): cpu = 00:00:20 ; elapsed = 00:00:32 . Memory (MB): peak = 2685.648 ; gain = 6.027 ; free physical = 6287 ; free virtual = 15552
---------------------------------------------------------------------------------
---------------------------------------------------------------------------------
Start Renaming Generated Instances
---------------------------------------------------------------------------------
---------------------------------------------------------------------------------
Finished Renaming Generated Instances : Time (s): cpu = 00:00:20 ; elapsed = 00:00:32 . Memory (MB): peak = 2685.648 ; gain = 6.027 ; free physical = 6287 ; free virtual = 15552
---------------------------------------------------------------------------------
---------------------------------------------------------------------------------
Start Rebuilding User Hierarchy
---------------------------------------------------------------------------------
---------------------------------------------------------------------------------
Finished Rebuilding User Hierarchy : Time (s): cpu = 00:00:20 ; elapsed = 00:00:32 . Memory (MB): peak = 2685.648 ; gain = 6.027 ; free physical = 6286 ; free virtual = 15551
---------------------------------------------------------------------------------
---------------------------------------------------------------------------------
Start Renaming Generated Ports
---------------------------------------------------------------------------------
---------------------------------------------------------------------------------
Finished Renaming Generated Ports : Time (s): cpu = 00:00:20 ; elapsed = 00:00:32 . Memory (MB): peak = 2685.648 ; gain = 6.027 ; free physical = 6286 ; free virtual = 15551
---------------------------------------------------------------------------------
---------------------------------------------------------------------------------
Start Handling Custom Attributes
---------------------------------------------------------------------------------
---------------------------------------------------------------------------------
Finished Handling Custom Attributes : Time (s): cpu = 00:00:20 ; elapsed = 00:00:32 . Memory (MB): peak = 2685.648 ; gain = 6.027 ; free physical = 6286 ; free virtual = 15550
---------------------------------------------------------------------------------
---------------------------------------------------------------------------------
Start Renaming Generated Nets
---------------------------------------------------------------------------------
---------------------------------------------------------------------------------
Finished Renaming Generated Nets : Time (s): cpu = 00:00:20 ; elapsed = 00:00:32 . Memory (MB): peak = 2685.648 ; gain = 6.027 ; free physical = 6286 ; free virtual = 15550
---------------------------------------------------------------------------------
---------------------------------------------------------------------------------
Start Writing Synthesis Report
---------------------------------------------------------------------------------

Report BlackBoxes: 
+-+--------------+----------+
| |BlackBox name |Instances |
+-+--------------+----------+
+-+--------------+----------+

Report Cell Usage: 
+------+-----+------+
|      |Cell |Count |
+------+-----+------+
|1     |LUT4 |    24|
+------+-----+------+

Report Instance Areas: 
+------+---------+-------+------+
|      |Instance |Module |Cells |
+------+---------+-------+------+
|1     |top      |       |    24|
|2     |  U0     |mux2   |    24|
+------+---------+-------+------+
---------------------------------------------------------------------------------
Finished Writing Synthesis Report : Time (s): cpu = 00:00:20 ; elapsed = 00:00:32 . Memory (MB): peak = 2685.648 ; gain = 6.027 ; free physical = 6286 ; free virtual = 15550
---------------------------------------------------------------------------------
Synthesis finished with 0 errors, 0 critical warnings and 2 warnings.
Synthesis Optimization Runtime : Time (s): cpu = 00:00:20 ; elapsed = 00:00:32 . Memory (MB): peak = 2685.648 ; gain = 6.027 ; free physical = 6285 ; free virtual = 15550
Synthesis Optimization Complete : Time (s): cpu = 00:00:20 ; elapsed = 00:00:32 . Memory (MB): peak = 2685.656 ; gain = 6.027 ; free physical = 6285 ; free virtual = 15550
INFO: [Project 1-571] Translating synthesized netlist
Netlist sorting complete. Time (s): cpu = 00:00:00 ; elapsed = 00:00:00 . Memory (MB): peak = 2685.656 ; gain = 0.000 ; free physical = 6358 ; free virtual = 15622
INFO: [Project 1-570] Preparing netlist for logic optimization
INFO: [Opt 31-138] Pushed 0 inverter(s) to 0 load pin(s).
Netlist sorting complete. Time (s): cpu = 00:00:00 ; elapsed = 00:00:00 . Memory (MB): peak = 2685.656 ; gain = 0.000 ; free physical = 6621 ; free virtual = 15898
INFO: [Project 1-111] Unisim Transformation Summary:
No Unisim elements were transformed.

Synth Design complete, checksum: a6df683b
INFO: [Common 17-83] Releasing license: Synthesis
19 Infos, 2 Warnings, 0 Critical Warnings and 0 Errors encountered.
synth_design completed successfully
synth_design: Time (s): cpu = 00:00:31 ; elapsed = 00:00:34 . Memory (MB): peak = 2685.656 ; gain = 6.035 ; free physical = 6963 ; free virtual = 16216
INFO: [Timing 38-35] Done setting XDC timing constraints.
INFO: [Common 17-1381] The checkpoint '/home/raesangur/github/UdeS_S4_APP2/Pain/pb_logique_seq.runs/design_1_mux2_0_0_synth_1/design_1_mux2_0_0.dcp' has been generated.
write_checkpoint: Time (s): cpu = 00:00:10 ; elapsed = 00:00:12 . Memory (MB): peak = 2841.520 ; gain = 155.863 ; free physical = 4794 ; free virtual = 14042
INFO: [Coretcl 2-1648] Added synthesis output to IP cache for IP design_1_mux2_0_0, cache-ID = 239a6334818a268c
INFO: [Common 17-1381] The checkpoint '/home/raesangur/github/UdeS_S4_APP2/Pain/pb_logique_seq.runs/design_1_mux2_0_0_synth_1/design_1_mux2_0_0.dcp' has been generated.
INFO: [runtcl-4] Executing : report_utilization -file design_1_mux2_0_0_utilization_synth.rpt -pb design_1_mux2_0_0_utilization_synth.pb
INFO: [Common 17-206] Exiting Vivado at Fri May 27 01:14:35 2022...
